2024-12-29 16:02:32,231 - INFO - ShiftScheduler initialized
2024-12-29 16:02:32,993 - INFO - 
Daily Schedule for 2024-12-26 -> 2025-01-13:
2024-12-29 16:02:32,996 - INFO - +------------+----------------+---------------+
| Date       | On Shift       | At Home       |
+============+================+===============+
| 26/12/2024 | *Madmoni (1d)  | Rahamim (1d)  |
|            | *Maslow (1d)   | Tobiana (1d)  |
|            | Ron (1d)       | Sivan (1d)    |
|            | Pavel (1d)     | Shushan (1d)  |
|            | Rosen (1d)     | Turjeman (1d) |
|            | Elior (1d)     | Pinhas (1d)   |
|            | Aghion (1d)    | Oz (1d)       |
+------------+----------------+---------------+
| 27/12/2024 | *Madmoni (2d)  | Rahamim (2d)  |
|            | *Maslow (2d)   | Tobiana (2d)  |
|            | Ron (2d)       | Sivan (2d)    |
|            | Pavel (2d)     | Shushan (2d)  |
|            | Rosen (2d)     | Pinhas (2d)   |
|            | Elior (2d)     | Oz (2d)       |
|            | Turjeman (1d)  | Aghion (1d)   |
+------------+----------------+---------------+
| 28/12/2024 | *Madmoni (3d)  | Rahamim (3d)  |
|            | *Maslow (3d)   | Tobiana (3d)  |
|            | Ron (3d)       | Sivan (3d)    |
|            | Pavel (3d)     | Shushan (3d)  |
|            | Rosen (3d)     | Pinhas (3d)   |
|            | Elior (3d)     | Oz (3d)       |
|            | Turjeman (2d)  | Aghion (2d)   |
+------------+----------------+---------------+
| 29/12/2024 | *Maslow (4d)   | *Madmoni (1d) |
|            | Elior (4d)     | Oz (4d)       |
|            | Rosen (4d)     | Rahamim (4d)  |
|            | Aghion (1d)    | Ron (1d)      |
|            | Sivan (1d)     | Pavel (1d)    |
|            | Pinhas (1d)    | Turjeman (1d) |
|            | Tobiana (1d)   |               |
+------------+----------------+---------------+
| 30/12/2024 | *Maslow (5d)   | *Madmoni (2d) |
|            | Elior (5d)     | Oz (5d)       |
|            | Rosen (5d)     | Rahamim (5d)  |
|            | Aghion (2d)    | Ron (2d)      |
|            | Sivan (2d)     | Pavel (2d)    |
|            | Pinhas (2d)    | Turjeman (2d) |
|            | Tobiana (2d)   |               |
+------------+----------------+---------------+
| 31/12/2024 | *Maslow (6d)   | *Madmoni (3d) |
|            | Elior (6d)     | Rahamim (6d)  |
|            | Aghion (3d)    | Ron (3d)      |
|            | Sivan (3d)     | Pavel (3d)    |
|            | Pinhas (3d)    | Turjeman (3d) |
|            | Tobiana (3d)   | Rosen (1d)    |
|            | Oz (1d)        |               |
+------------+----------------+---------------+
| 01/01/2025 | *Maslow (7d)   | *Madmoni (4d) |
|            | Elior (7d)     | Rahamim (7d)  |
|            | Aghion (4d)    | Ron (4d)      |
|            | Sivan (4d)     | Pavel (4d)    |
|            | Pinhas (4d)    | Turjeman (4d) |
|            | Tobiana (4d)   | Rosen (2d)    |
|            | Oz (2d)        |               |
+------------+----------------+---------------+
| 02/01/2025 | *Maslow (8d)   | *Madmoni (5d) |
|            | Aghion (5d)    | Rahamim (8d)  |
|            | Sivan (5d)     | Pavel (5d)    |
|            | Pinhas (5d)    | Turjeman (5d) |
|            | Tobiana (5d)   | Rosen (3d)    |
|            | Oz (3d)        | Elior (1d)    |
|            | Ron (1d)       | Shushan (1d)  |
+------------+----------------+---------------+
| 03/01/2025 | *Madmoni (1d)  | *Maslow (1d)  |
|            | Aghion (6d)    | Rahamim (9d)  |
|            | Pinhas (6d)    | Turjeman (6d) |
|            | Tobiana (6d)   | Rosen (4d)    |
|            | Sivan (6d)     | Shushan (2d)  |
|            | Oz (4d)        | Elior (2d)    |
|            | Ron (2d)       |               |
|            | Pavel (1d)     |               |
+------------+----------------+---------------+
| 04/01/2025 | *Madmoni (2d)  | *Maslow (2d)  |
|            | Aghion (7d)    | Rahamim (10d) |
|            | Pinhas (7d)    | Turjeman (7d) |
|            | Tobiana (7d)   | Rosen (5d)    |
|            | Sivan (7d)     | Shushan (3d)  |
|            | Oz (5d)        | Elior (3d)    |
|            | Ron (3d)       |               |
|            | Pavel (2d)     |               |
+------------+----------------+---------------+
| 05/01/2025 | *Madmoni (3d)  | *Maslow (3d)  |
|            | Sivan (8d)     | Rahamim (11d) |
|            | Oz (6d)        | Elior (4d)    |
|            | Ron (4d)       | Aghion (1d)   |
|            | Pavel (3d)     | Tobiana (1d)  |
|            | Turjeman (1d)  | Pinhas (1d)   |
|            | Shushan (1d)   |               |
|            | Rosen (1d)     |               |
+------------+----------------+---------------+
| 06/01/2025 | *Madmoni (4d)  | *Maslow (4d)  |
|            | Sivan (9d)     | Rahamim (12d) |
|            | Oz (7d)        | Elior (5d)    |
|            | Ron (5d)       | Aghion (2d)   |
|            | Pavel (4d)     | Tobiana (2d)  |
|            | Turjeman (2d)  | Pinhas (2d)   |
|            | Shushan (2d)   |               |
|            | Rosen (2d)     |               |
+------------+----------------+---------------+
| 07/01/2025 | *Madmoni (5d)  | *Maslow (5d)  |
|            | Sivan (10d)    | Rahamim (13d) |
|            | Oz (8d)        | Elior (6d)    |
|            | Ron (6d)       | Aghion (3d)   |
|            | Pavel (5d)     | Pinhas (3d)   |
|            | Shushan (3d)   | Tobiana (3d)  |
|            | Rosen (3d)     |               |
|            | Turjeman (3d)  |               |
+------------+----------------+---------------+
| 08/01/2025 | *Madmoni (6d)  | *Maslow (6d)  |
|            | Oz (9d)        | Rahamim (14d) |
|            | Ron (7d)       | Elior (7d)    |
|            | Pavel (6d)     | Tobiana (4d)  |
|            | Shushan (4d)   | Pinhas (4d)   |
|            | Rosen (4d)     | Aghion (4d)   |
|            | Turjeman (4d)  | Sivan (1d)    |
+------------+----------------+---------------+
| 09/01/2025 | *Madmoni (7d)  | Rahamim (15d) |
|            | *Maslow (1d)   | Elior (8d)    |
|            | Oz (10d)       | Pinhas (5d)   |
|            | Pavel (7d)     | Aghion (5d)   |
|            | Shushan (5d)   | Sivan (2d)    |
|            | Turjeman (5d)  | Ron (1d)      |
|            | Rosen (5d)     |               |
|            | Tobiana (1d)   |               |
+------------+----------------+---------------+
| 10/01/2025 | *Madmoni (8d)  | Rahamim (16d) |
|            | *Maslow (2d)   | Elior (9d)    |
|            | Pavel (8d)     | Pinhas (6d)   |
|            | Turjeman (6d)  | Aghion (6d)   |
|            | Shushan (6d)   | Sivan (3d)    |
|            | Rosen (6d)     | Ron (2d)      |
|            | Tobiana (2d)   | Oz (1d)       |
+------------+----------------+---------------+
| 11/01/2025 | *Madmoni (9d)  | Rahamim (17d) |
|            | *Maslow (3d)   | Elior (10d)   |
|            | Turjeman (7d)  | Sivan (4d)    |
|            | Rosen (7d)     | Ron (3d)      |
|            | Tobiana (3d)   | Oz (2d)       |
|            | Aghion (1d)    | Shushan (1d)  |
|            | Pinhas (1d)    | Pavel (1d)    |
+------------+----------------+---------------+
| 12/01/2025 | *Madmoni (10d) | Rahamim (18d) |
|            | *Maslow (4d)   | Elior (11d)   |
|            | Rosen (8d)     | Sivan (5d)    |
|            | Turjeman (8d)  | Ron (4d)      |
|            | Tobiana (4d)   | Oz (3d)       |
|            | Aghion (2d)    | Shushan (2d)  |
|            | Pinhas (2d)    | Pavel (2d)    |
+------------+----------------+---------------+
| 13/01/2025 | *Madmoni (11d) | Rahamim (19d) |
|            | *Maslow (5d)   | Elior (12d)   |
|            | Turjeman (9d)  | Ron (5d)      |
|            | Tobiana (5d)   | Oz (4d)       |
|            | Aghion (3d)    | Pavel (3d)    |
|            | Pinhas (3d)    | Shushan (3d)  |
|            | Sivan (1d)     | Rosen (1d)    |
+------------+----------------+---------------+
2024-12-29 16:02:32,996 - INFO - 

2024-12-29 16:02:32,997 - INFO - 
Employee Schedule Summary:
2024-12-29 16:02:32,999 - INFO - +------------+-----------------+----------------+------------------+-------------------+-------------------+
| Employee   |   Days at Shift |   Days at Home | Current Streak   | Shift Periods     | Home Periods      |
+============+=================+================+==================+===================+===================+
| Maslow     |              13 |              6 | (5d at shift)    | 26/12-02/01 (8d)  | 03/01-08/01 (6d)  |
|            |                 |                |                  | 09/01-13/01 (5d)  |                   |
+------------+-----------------+----------------+------------------+-------------------+-------------------+
| Madmoni    |              14 |              5 | (11d at shift)   | 26/12-28/12 (3d)  | 29/12-02/01 (5d)  |
|            |                 |                |                  | 03/01-13/01 (11d) |                   |
+------------+-----------------+----------------+------------------+-------------------+-------------------+
| Rosen      |              13 |              6 | (1d at home)     | 26/12-30/12 (5d)  | 31/12-04/01 (5d)  |
|            |                 |                |                  | 05/01-12/01 (8d)  | 13/01 (1d)        |
+------------+-----------------+----------------+------------------+-------------------+-------------------+
| Aghion     |              11 |              8 | (3d at shift)    | 26/12 (1d)        | 27/12-28/12 (2d)  |
|            |                 |                |                  | 29/12-04/01 (7d)  | 05/01-10/01 (6d)  |
|            |                 |                |                  | 11/01-13/01 (3d)  |                   |
+------------+-----------------+----------------+------------------+-------------------+-------------------+
| Sivan      |              11 |              8 | (1d at shift)    | 29/12-07/01 (10d) | 26/12-28/12 (3d)  |
|            |                 |                |                  | 13/01 (1d)        | 08/01-12/01 (5d)  |
+------------+-----------------+----------------+------------------+-------------------+-------------------+
| Tobiana    |              12 |              7 | (5d at shift)    | 29/12-04/01 (7d)  | 26/12-28/12 (3d)  |
|            |                 |                |                  | 09/01-13/01 (5d)  | 05/01-08/01 (4d)  |
+------------+-----------------+----------------+------------------+-------------------+-------------------+
| Turjeman   |              11 |              8 | (9d at shift)    | 27/12-28/12 (2d)  | 26/12 (1d)        |
|            |                 |                |                  | 05/01-13/01 (9d)  | 29/12-04/01 (7d)  |
+------------+-----------------+----------------+------------------+-------------------+-------------------+
| Oz         |              10 |              9 | (4d at home)     | 31/12-09/01 (10d) | 26/12-30/12 (5d)  |
|            |                 |                |                  |                   | 10/01-13/01 (4d)  |
+------------+-----------------+----------------+------------------+-------------------+-------------------+
| Pavel      |              11 |              8 | (3d at home)     | 26/12-28/12 (3d)  | 29/12-02/01 (5d)  |
|            |                 |                |                  | 03/01-10/01 (8d)  | 11/01-13/01 (3d)  |
+------------+-----------------+----------------+------------------+-------------------+-------------------+
| Rahamim    |               0 |             19 | (19d at home)    |                   | 26/12-13/01 (19d) |
+------------+-----------------+----------------+------------------+-------------------+-------------------+
| Pinhas     |              10 |              9 | (3d at shift)    | 29/12-04/01 (7d)  | 26/12-28/12 (3d)  |
|            |                 |                |                  | 11/01-13/01 (3d)  | 05/01-10/01 (6d)  |
+------------+-----------------+----------------+------------------+-------------------+-------------------+
| Elior      |               7 |             12 | (12d at home)    | 26/12-01/01 (7d)  | 02/01-13/01 (12d) |
+------------+-----------------+----------------+------------------+-------------------+-------------------+
| Shushan    |               6 |              9 | (3d at home)     | 05/01-10/01 (6d)  | 26/12-28/12 (3d)  |
|            |                 |                |                  |                   | 02/01-04/01 (3d)  |
|            |                 |                |                  |                   | 11/01-13/01 (3d)  |
+------------+-----------------+----------------+------------------+-------------------+-------------------+
| Ron        |              10 |              9 | (5d at home)     | 26/12-28/12 (3d)  | 29/12-01/01 (4d)  |
|            |                 |                |                  | 02/01-08/01 (7d)  | 09/01-13/01 (5d)  |
+------------+-----------------+----------------+------------------+-------------------+-------------------+
2024-12-29 16:02:32,999 - INFO - 

