2024-12-29 11:29:43,306 - INFO - ShiftScheduler initialized
2024-12-29 11:29:44,192 - INFO - 
Daily Schedule for 2024-12-26 -> 2025-01-13:
2024-12-29 11:29:44,195 - INFO - +------------+----------------+---------------+
| Date       | On Shift       | At Home       |
+============+================+===============+
| 26/12/2024 | *Madmoni (1d)  | Rahamim (1d)  |
|            | *Maslow (1d)   | Tobiana (1d)  |
|            | Ron (1d)       | Sivan (1d)    |
|            | Pavel (1d)     | Shushan (1d)  |
|            | Rosen (1d)     | Turjeman (1d) |
|            | Elior (1d)     | Pinhas (1d)   |
|            | Aghion (1d)    | Oz (1d)       |
+------------+----------------+---------------+
| 27/12/2024 | *Madmoni (2d)  | Rahamim (2d)  |
|            | *Maslow (2d)   | Tobiana (2d)  |
|            | Ron (2d)       | Sivan (2d)    |
|            | Pavel (2d)     | Shushan (2d)  |
|            | Rosen (2d)     | Pinhas (2d)   |
|            | Elior (2d)     | Oz (2d)       |
|            | Turjeman (1d)  | Aghion (1d)   |
+------------+----------------+---------------+
| 28/12/2024 | *Madmoni (3d)  | Rahamim (3d)  |
|            | *Maslow (3d)   | Tobiana (3d)  |
|            | Ron (3d)       | Sivan (3d)    |
|            | Pavel (3d)     | Shushan (3d)  |
|            | Rosen (3d)     | Pinhas (3d)   |
|            | Elior (3d)     | Oz (3d)       |
|            | Turjeman (2d)  | Aghion (2d)   |
+------------+----------------+---------------+
| 29/12/2024 | *Maslow (4d)   | *Madmoni (1d) |
|            | Elior (4d)     | Oz (4d)       |
|            | Rosen (4d)     | Rahamim (4d)  |
|            | Aghion (1d)    | Ron (1d)      |
|            | Sivan (1d)     | Pavel (1d)    |
|            | Pinhas (1d)    | Turjeman (1d) |
|            | Tobiana (1d)   |               |
+------------+----------------+---------------+
| 30/12/2024 | *Maslow (5d)   | *Madmoni (2d) |
|            | Elior (5d)     | Oz (5d)       |
|            | Rosen (5d)     | Rahamim (5d)  |
|            | Aghion (2d)    | Ron (2d)      |
|            | Sivan (2d)     | Pavel (2d)    |
|            | Pinhas (2d)    | Turjeman (2d) |
|            | Tobiana (2d)   |               |
+------------+----------------+---------------+
| 31/12/2024 | *Maslow (6d)   | *Madmoni (3d) |
|            | Elior (6d)     | Rahamim (6d)  |
|            | Aghion (3d)    | Ron (3d)      |
|            | Sivan (3d)     | Pavel (3d)    |
|            | Pinhas (3d)    | Turjeman (3d) |
|            | Tobiana (3d)   | Rosen (1d)    |
|            | Oz (1d)        |               |
+------------+----------------+---------------+
| 01/01/2025 | *Maslow (7d)   | *Madmoni (4d) |
|            | Elior (7d)     | Rahamim (7d)  |
|            | Aghion (4d)    | Ron (4d)      |
|            | Sivan (4d)     | Pavel (4d)    |
|            | Pinhas (4d)    | Turjeman (4d) |
|            | Tobiana (4d)   | Rosen (2d)    |
|            | Oz (2d)        |               |
+------------+----------------+---------------+
| 02/01/2025 | *Maslow (8d)   | *Madmoni (5d) |
|            | Aghion (5d)    | Rahamim (8d)  |
|            | Sivan (5d)     | Ron (5d)      |
|            | Pinhas (5d)    | Pavel (5d)    |
|            | Tobiana (5d)   | Turjeman (5d) |
|            | Oz (3d)        | Rosen (3d)    |
|            | Shushan (1d)   |               |
+------------+----------------+---------------+
| 03/01/2025 | *Madmoni (1d)  | *Maslow (1d)  |
|            | Aghion (6d)    | Rahamim (9d)  |
|            | Pinhas (6d)    | Turjeman (6d) |
|            | Sivan (6d)     | Rosen (4d)    |
|            | Oz (4d)        | Tobiana (1d)  |
|            | Shushan (2d)   | Elior (1d)    |
|            | Ron (1d)       |               |
|            | Pavel (1d)     |               |
+------------+----------------+---------------+
| 04/01/2025 | *Madmoni (2d)  | *Maslow (2d)  |
|            | Aghion (7d)    | Rahamim (10d) |
|            | Pinhas (7d)    | Turjeman (7d) |
|            | Sivan (7d)     | Rosen (5d)    |
|            | Oz (5d)        | Tobiana (2d)  |
|            | Shushan (3d)   | Elior (2d)    |
|            | Ron (2d)       |               |
|            | Pavel (2d)     |               |
+------------+----------------+---------------+
| 05/01/2025 | *Madmoni (3d)  | *Maslow (3d)  |
|            | Sivan (8d)     | Rahamim (11d) |
|            | Oz (6d)        | Tobiana (3d)  |
|            | Shushan (4d)   | Aghion (1d)   |
|            | Ron (3d)       | Pinhas (1d)   |
|            | Pavel (3d)     |               |
|            | Turjeman (1d)  |               |
|            | Rosen (1d)     |               |
+------------+----------------+---------------+
| 06/01/2025 | *Madmoni (4d)  | *Maslow (4d)  |
|            | Sivan (9d)     | Rahamim (12d) |
|            | Oz (7d)        | Tobiana (4d)  |
|            | Shushan (5d)   | Aghion (2d)   |
|            | Ron (4d)       | Pinhas (2d)   |
|            | Pavel (4d)     |               |
|            | Turjeman (2d)  |               |
|            | Rosen (2d)     |               |
+------------+----------------+---------------+
| 07/01/2025 | *Madmoni (5d)  | *Maslow (5d)  |
|            | Sivan (10d)    | Rahamim (13d) |
|            | Oz (8d)        | Tobiana (5d)  |
|            | Shushan (6d)   | Aghion (3d)   |
|            | Ron (5d)       | Pinhas (3d)   |
|            | Pavel (5d)     | Elior (1d)    |
|            | Rosen (3d)     |               |
|            | Turjeman (3d)  |               |
+------------+----------------+---------------+
| 08/01/2025 | *Madmoni (6d)  | *Maslow (6d)  |
|            | Oz (9d)        | Rahamim (14d) |
|            | Shushan (7d)   | Tobiana (6d)  |
|            | Ron (6d)       | Pinhas (4d)   |
|            | Pavel (6d)     | Aghion (4d)   |
|            | Rosen (4d)     | Elior (2d)    |
|            | Turjeman (4d)  | Sivan (1d)    |
+------------+----------------+---------------+
| 09/01/2025 | *Madmoni (7d)  | Rahamim (15d) |
|            | *Maslow (1d)   | Pinhas (5d)   |
|            | Oz (10d)       | Aghion (5d)   |
|            | Ron (7d)       | Elior (3d)    |
|            | Pavel (7d)     | Sivan (2d)    |
|            | Turjeman (5d)  | Shushan (1d)  |
|            | Rosen (5d)     |               |
|            | Tobiana (1d)   |               |
+------------+----------------+---------------+
| 10/01/2025 | *Madmoni (8d)  | Rahamim (16d) |
|            | *Maslow (2d)   | Pinhas (6d)   |
|            | Ron (8d)       | Aghion (6d)   |
|            | Pavel (8d)     | Elior (4d)    |
|            | Turjeman (6d)  | Sivan (3d)    |
|            | Rosen (6d)     | Shushan (2d)  |
|            | Tobiana (2d)   | Oz (1d)       |
+------------+----------------+---------------+
| 11/01/2025 | *Madmoni (9d)  | Rahamim (17d) |
|            | *Maslow (3d)   | Elior (5d)    |
|            | Turjeman (7d)  | Sivan (4d)    |
|            | Rosen (7d)     | Shushan (3d)  |
|            | Tobiana (3d)   | Oz (2d)       |
|            | Aghion (1d)    | Ron (1d)      |
|            | Pinhas (1d)    | Pavel (1d)    |
+------------+----------------+---------------+
| 12/01/2025 | *Madmoni (10d) | Rahamim (18d) |
|            | *Maslow (4d)   | Elior (6d)    |
|            | Rosen (8d)     | Sivan (5d)    |
|            | Turjeman (8d)  | Shushan (4d)  |
|            | Tobiana (4d)   | Oz (3d)       |
|            | Aghion (2d)    | Ron (2d)      |
|            | Pinhas (2d)    | Pavel (2d)    |
+------------+----------------+---------------+
| 13/01/2025 | *Madmoni (11d) | Rahamim (19d) |
|            | *Maslow (5d)   | Elior (7d)    |
|            | Turjeman (9d)  | Shushan (5d)  |
|            | Tobiana (5d)   | Oz (4d)       |
|            | Aghion (3d)    | Pavel (3d)    |
|            | Pinhas (3d)    | Ron (3d)      |
|            | Sivan (1d)     | Rosen (1d)    |
+------------+----------------+---------------+
2024-12-29 11:29:44,195 - INFO - 

2024-12-29 11:29:44,196 - INFO - 
Employee Schedule Summary:
2024-12-29 11:29:44,197 - INFO - +------------+-----------------+----------------+------------------+-------------------+-------------------+
| Employee   |   Days at Shift |   Days at Home | Current Streak   | Shift Periods     | Home Periods      |
+============+=================+================+==================+===================+===================+
| Maslow     |              13 |              6 | (5d at shift)    | 26/12-02/01 (8d)  | 03/01-08/01 (6d)  |
|            |                 |                |                  | 09/01-13/01 (5d)  |                   |
+------------+-----------------+----------------+------------------+-------------------+-------------------+
| Madmoni    |              14 |              5 | (11d at shift)   | 26/12-28/12 (3d)  | 29/12-02/01 (5d)  |
|            |                 |                |                  | 03/01-13/01 (11d) |                   |
+------------+-----------------+----------------+------------------+-------------------+-------------------+
| Rosen      |              13 |              6 | (1d at home)     | 26/12-30/12 (5d)  | 31/12-04/01 (5d)  |
|            |                 |                |                  | 05/01-12/01 (8d)  | 13/01 (1d)        |
+------------+-----------------+----------------+------------------+-------------------+-------------------+
| Aghion     |              11 |              8 | (3d at shift)    | 26/12 (1d)        | 27/12-28/12 (2d)  |
|            |                 |                |                  | 29/12-04/01 (7d)  | 05/01-10/01 (6d)  |
|            |                 |                |                  | 11/01-13/01 (3d)  |                   |
+------------+-----------------+----------------+------------------+-------------------+-------------------+
| Sivan      |              11 |              8 | (1d at shift)    | 29/12-07/01 (10d) | 26/12-28/12 (3d)  |
|            |                 |                |                  | 13/01 (1d)        | 08/01-12/01 (5d)  |
+------------+-----------------+----------------+------------------+-------------------+-------------------+
| Tobiana    |              10 |              9 | (5d at shift)    | 29/12-02/01 (5d)  | 26/12-28/12 (3d)  |
|            |                 |                |                  | 09/01-13/01 (5d)  | 03/01-08/01 (6d)  |
+------------+-----------------+----------------+------------------+-------------------+-------------------+
| Turjeman   |              11 |              8 | (9d at shift)    | 27/12-28/12 (2d)  | 26/12 (1d)        |
|            |                 |                |                  | 05/01-13/01 (9d)  | 29/12-04/01 (7d)  |
+------------+-----------------+----------------+------------------+-------------------+-------------------+
| Oz         |              10 |              9 | (4d at home)     | 31/12-09/01 (10d) | 26/12-30/12 (5d)  |
|            |                 |                |                  |                   | 10/01-13/01 (4d)  |
+------------+-----------------+----------------+------------------+-------------------+-------------------+
| Pavel      |              11 |              8 | (3d at home)     | 26/12-28/12 (3d)  | 29/12-02/01 (5d)  |
|            |                 |                |                  | 03/01-10/01 (8d)  | 11/01-13/01 (3d)  |
+------------+-----------------+----------------+------------------+-------------------+-------------------+
| Rahamim    |               0 |             19 | (19d at home)    |                   | 26/12-13/01 (19d) |
+------------+-----------------+----------------+------------------+-------------------+-------------------+
| Pinhas     |              10 |              9 | (3d at shift)    | 29/12-04/01 (7d)  | 26/12-28/12 (3d)  |
|            |                 |                |                  | 11/01-13/01 (3d)  | 05/01-10/01 (6d)  |
+------------+-----------------+----------------+------------------+-------------------+-------------------+
| Elior      |               7 |              9 | (7d at home)     | 26/12-01/01 (7d)  | 03/01-04/01 (2d)  |
|            |                 |                |                  |                   | 07/01-13/01 (7d)  |
+------------+-----------------+----------------+------------------+-------------------+-------------------+
| Shushan    |               7 |              8 | (5d at home)     | 02/01-08/01 (7d)  | 26/12-28/12 (3d)  |
|            |                 |                |                  |                   | 09/01-13/01 (5d)  |
+------------+-----------------+----------------+------------------+-------------------+-------------------+
| Ron        |              11 |              8 | (3d at home)     | 26/12-28/12 (3d)  | 29/12-02/01 (5d)  |
|            |                 |                |                  | 03/01-10/01 (8d)  | 11/01-13/01 (3d)  |
+------------+-----------------+----------------+------------------+-------------------+-------------------+
2024-12-29 11:29:44,197 - INFO - 

2024-12-29 11:29:44,257 - INFO - 
Daily Schedule for 2025-01-14 -> 2025-01-27:
2024-12-29 11:29:44,259 - INFO - +------------+---------------+---------------+
| Date       | On Shift      | At Home       |
+============+===============+===============+
| 14/01/2025 | *Maslow (6d)  | *Madmoni (1d) |
|            | Tobiana (6d)  | Rahamim (20d) |
|            | Aghion (4d)   | Pavel (4d)    |
|            | Pinhas (4d)   | Ron (4d)      |
|            | Sivan (2d)    | Rosen (2d)    |
|            | Oz (1d)       | Turjeman (1d) |
|            | Elior (1d)    |               |
|            | Shushan (1d)  |               |
+------------+---------------+---------------+
| 15/01/2025 | *Maslow (7d)  | *Madmoni (2d) |
|            | Tobiana (7d)  | Rahamim (21d) |
|            | Aghion (5d)   | Pavel (5d)    |
|            | Pinhas (5d)   | Ron (5d)      |
|            | Sivan (3d)    | Rosen (3d)    |
|            | Oz (2d)       | Turjeman (2d) |
|            | Elior (2d)    |               |
|            | Shushan (2d)  |               |
+------------+---------------+---------------+
| 16/01/2025 | *Maslow (8d)  | *Madmoni (3d) |
|            | Tobiana (8d)  | Rahamim (22d) |
|            | Aghion (6d)   | Pavel (6d)    |
|            | Pinhas (6d)   | Ron (6d)      |
|            | Sivan (4d)    | Rosen (4d)    |
|            | Oz (3d)       | Turjeman (3d) |
|            | Elior (3d)    |               |
|            | Shushan (3d)  |               |
+------------+---------------+---------------+
| 17/01/2025 | *Maslow (9d)  | *Madmoni (4d) |
|            | Tobiana (9d)  | Rahamim (23d) |
|            | Aghion (7d)   | Pavel (7d)    |
|            | Pinhas (7d)   | Ron (7d)      |
|            | Sivan (5d)    | Rosen (5d)    |
|            | Oz (4d)       | Turjeman (4d) |
|            | Elior (4d)    |               |
|            | Shushan (4d)  |               |
+------------+---------------+---------------+
| 18/01/2025 | *Maslow (10d) | *Madmoni (5d) |
|            | Tobiana (10d) | Rahamim (24d) |
|            | Aghion (8d)   | Pavel (8d)    |
|            | Pinhas (8d)   | Ron (8d)      |
|            | Sivan (6d)    | Rosen (6d)    |
|            | Oz (5d)       | Turjeman (5d) |
|            | Elior (5d)    |               |
|            | Shushan (5d)  |               |
+------------+---------------+---------------+
| 19/01/2025 | *Madmoni (1d) | *Maslow (1d)  |
|            | Tobiana (11d) | Turjeman (6d) |
|            | Elior (6d)    | Aghion (1d)   |
|            | Shushan (6d)  | Sivan (1d)    |
|            | Rosen (1d)    | Oz (1d)       |
|            | Pavel (1d)    | Pinhas (1d)   |
|            | Rahamim (1d)  |               |
|            | Ron (1d)      |               |
+------------+---------------+---------------+
| 20/01/2025 | *Madmoni (2d) | *Maslow (2d)  |
|            | Tobiana (12d) | Turjeman (7d) |
|            | Elior (7d)    | Aghion (2d)   |
|            | Shushan (7d)  | Sivan (2d)    |
|            | Rosen (2d)    | Oz (2d)       |
|            | Pavel (2d)    | Pinhas (2d)   |
|            | Rahamim (2d)  |               |
|            | Ron (2d)      |               |
+------------+---------------+---------------+
| 21/01/2025 | *Madmoni (3d) | *Maslow (3d)  |
|            | Elior (8d)    | Aghion (3d)   |
|            | Shushan (8d)  | Sivan (3d)    |
|            | Rosen (3d)    | Oz (3d)       |
|            | Pavel (3d)    | Pinhas (3d)   |
|            | Rahamim (3d)  | Tobiana (1d)  |
|            | Ron (3d)      |               |
|            | Turjeman (1d) |               |
+------------+---------------+---------------+
| 22/01/2025 | *Madmoni (4d) | *Maslow (4d)  |
|            | Elior (9d)    | Aghion (4d)   |
|            | Shushan (9d)  | Sivan (4d)    |
|            | Rosen (4d)    | Oz (4d)       |
|            | Pavel (4d)    | Pinhas (4d)   |
|            | Rahamim (4d)  | Tobiana (2d)  |
|            | Ron (4d)      |               |
|            | Turjeman (2d) |               |
+------------+---------------+---------------+
| 23/01/2025 | *Madmoni (5d) | *Maslow (5d)  |
|            | Elior (10d)   | Aghion (5d)   |
|            | Shushan (10d) | Sivan (5d)    |
|            | Rosen (5d)    | Oz (5d)       |
|            | Pavel (5d)    | Pinhas (5d)   |
|            | Rahamim (5d)  | Tobiana (3d)  |
|            | Ron (5d)      |               |
|            | Turjeman (3d) |               |
+------------+---------------+---------------+
| 24/01/2025 | *Maslow (1d)  | *Madmoni (1d) |
|            | Pavel (6d)    | Tobiana (4d)  |
|            | Rahamim (6d)  | Rosen (1d)    |
|            | Turjeman (4d) | Elior (1d)    |
|            | Aghion (1d)   | Shushan (1d)  |
|            | Sivan (1d)    | Ron (1d)      |
|            | Oz (1d)       |               |
|            | Pinhas (1d)   |               |
+------------+---------------+---------------+
| 25/01/2025 | *Maslow (2d)  | *Madmoni (2d) |
|            | Pavel (7d)    | Tobiana (5d)  |
|            | Rahamim (7d)  | Rosen (2d)    |
|            | Turjeman (5d) | Elior (2d)    |
|            | Aghion (2d)   | Shushan (2d)  |
|            | Sivan (2d)    | Ron (2d)      |
|            | Oz (2d)       |               |
|            | Pinhas (2d)   |               |
+------------+---------------+---------------+
| 26/01/2025 | *Maslow (3d)  | *Madmoni (3d) |
|            | Rahamim (8d)  | Rosen (3d)    |
|            | Turjeman (6d) | Elior (3d)    |
|            | Aghion (3d)   | Shushan (3d)  |
|            | Sivan (3d)    | Ron (3d)      |
|            | Oz (3d)       | Pavel (1d)    |
|            | Pinhas (3d)   |               |
|            | Tobiana (1d)  |               |
+------------+---------------+---------------+
| 27/01/2025 | *Maslow (4d)  | *Madmoni (4d) |
|            | Rahamim (9d)  | Rosen (4d)    |
|            | Turjeman (7d) | Elior (4d)    |
|            | Aghion (4d)   | Shushan (4d)  |
|            | Sivan (4d)    | Ron (4d)      |
|            | Oz (4d)       | Pavel (2d)    |
|            | Pinhas (4d)   |               |
|            | Tobiana (2d)  |               |
+------------+---------------+---------------+
2024-12-29 11:29:44,259 - INFO - 

2024-12-29 11:29:44,260 - INFO - 
Employee Schedule Summary:
2024-12-29 11:29:44,262 - INFO - +------------+-----------------+----------------+------------------+-------------------+-------------------+
| Employee   |   Days at Shift |   Days at Home | Current Streak   | Shift Periods     | Home Periods      |
+============+=================+================+==================+===================+===================+
| Maslow     |              22 |             11 | (4d at shift)    | 26/12-02/01 (8d)  | 03/01-08/01 (6d)  |
|            |                 |                |                  | 09/01-18/01 (10d) | 19/01-23/01 (5d)  |
|            |                 |                |                  | 24/01-27/01 (4d)  |                   |
+------------+-----------------+----------------+------------------+-------------------+-------------------+
| Madmoni    |              19 |             14 | (4d at home)     | 26/12-28/12 (3d)  | 29/12-02/01 (5d)  |
|            |                 |                |                  | 03/01-13/01 (11d) | 14/01-18/01 (5d)  |
|            |                 |                |                  | 19/01-23/01 (5d)  | 24/01-27/01 (4d)  |
+------------+-----------------+----------------+------------------+-------------------+-------------------+
| Rosen      |              18 |             15 | (4d at home)     | 26/12-30/12 (5d)  | 31/12-04/01 (5d)  |
|            |                 |                |                  | 05/01-12/01 (8d)  | 13/01-18/01 (6d)  |
|            |                 |                |                  | 19/01-23/01 (5d)  | 24/01-27/01 (4d)  |
+------------+-----------------+----------------+------------------+-------------------+-------------------+
| Aghion     |              20 |             13 | (4d at shift)    | 26/12 (1d)        | 27/12-28/12 (2d)  |
|            |                 |                |                  | 29/12-04/01 (7d)  | 05/01-10/01 (6d)  |
|            |                 |                |                  | 11/01-18/01 (8d)  | 19/01-23/01 (5d)  |
|            |                 |                |                  | 24/01-27/01 (4d)  |                   |
+------------+-----------------+----------------+------------------+-------------------+-------------------+
| Sivan      |              20 |             13 | (4d at shift)    | 29/12-07/01 (10d) | 26/12-28/12 (3d)  |
|            |                 |                |                  | 13/01-18/01 (6d)  | 08/01-12/01 (5d)  |
|            |                 |                |                  | 24/01-27/01 (4d)  | 19/01-23/01 (5d)  |
+------------+-----------------+----------------+------------------+-------------------+-------------------+
| Tobiana    |              19 |             14 | (2d at shift)    | 29/12-02/01 (5d)  | 26/12-28/12 (3d)  |
|            |                 |                |                  | 09/01-20/01 (12d) | 03/01-08/01 (6d)  |
|            |                 |                |                  | 26/01-27/01 (2d)  | 21/01-25/01 (5d)  |
+------------+-----------------+----------------+------------------+-------------------+-------------------+
| Turjeman   |              18 |             15 | (7d at shift)    | 27/12-28/12 (2d)  | 26/12 (1d)        |
|            |                 |                |                  | 05/01-13/01 (9d)  | 29/12-04/01 (7d)  |
|            |                 |                |                  | 21/01-27/01 (7d)  | 14/01-20/01 (7d)  |
+------------+-----------------+----------------+------------------+-------------------+-------------------+
| Oz         |              19 |             14 | (4d at shift)    | 31/12-09/01 (10d) | 26/12-30/12 (5d)  |
|            |                 |                |                  | 14/01-18/01 (5d)  | 10/01-13/01 (4d)  |
|            |                 |                |                  | 24/01-27/01 (4d)  | 19/01-23/01 (5d)  |
+------------+-----------------+----------------+------------------+-------------------+-------------------+
| Pavel      |              18 |             15 | (2d at home)     | 26/12-28/12 (3d)  | 29/12-02/01 (5d)  |
|            |                 |                |                  | 03/01-10/01 (8d)  | 11/01-18/01 (8d)  |
|            |                 |                |                  | 19/01-25/01 (7d)  | 26/01-27/01 (2d)  |
+------------+-----------------+----------------+------------------+-------------------+-------------------+
| Rahamim    |               9 |             24 | (9d at shift)    | 19/01-27/01 (9d)  | 26/12-18/01 (24d) |
+------------+-----------------+----------------+------------------+-------------------+-------------------+
| Pinhas     |              19 |             14 | (4d at shift)    | 29/12-04/01 (7d)  | 26/12-28/12 (3d)  |
|            |                 |                |                  | 11/01-18/01 (8d)  | 05/01-10/01 (6d)  |
|            |                 |                |                  | 24/01-27/01 (4d)  | 19/01-23/01 (5d)  |
+------------+-----------------+----------------+------------------+-------------------+-------------------+
| Elior      |              17 |             13 | (4d at home)     | 26/12-01/01 (7d)  | 03/01-04/01 (2d)  |
|            |                 |                |                  | 14/01-23/01 (10d) | 07/01-13/01 (7d)  |
|            |                 |                |                  |                   | 24/01-27/01 (4d)  |
+------------+-----------------+----------------+------------------+-------------------+-------------------+
| Shushan    |              17 |             12 | (4d at home)     | 02/01-08/01 (7d)  | 26/12-28/12 (3d)  |
|            |                 |                |                  | 14/01-23/01 (10d) | 09/01-13/01 (5d)  |
|            |                 |                |                  |                   | 24/01-27/01 (4d)  |
+------------+-----------------+----------------+------------------+-------------------+-------------------+
| Ron        |              16 |             17 | (4d at home)     | 26/12-28/12 (3d)  | 29/12-02/01 (5d)  |
|            |                 |                |                  | 03/01-10/01 (8d)  | 11/01-18/01 (8d)  |
|            |                 |                |                  | 19/01-23/01 (5d)  | 24/01-27/01 (4d)  |
+------------+-----------------+----------------+------------------+-------------------+-------------------+
2024-12-29 11:29:44,262 - INFO - 

