2024-12-29 17:46:32,923 - INFO - ShiftScheduler initialized
2024-12-29 17:46:34,205 - INFO - 
Daily Schedule for 2024-12-26 -> 2025-01-13:
2024-12-29 17:46:34,212 - INFO - +------------+----------------+---------------+
| Date       | On Shift       | At Home       |
+============+================+===============+
| 26/12/2024 | *Madmoni (1d)  | Rahamim (1d)  |
|            | *Maslow (1d)   | Tobiana (1d)  |
|            | Ron (1d)       | Sivan (1d)    |
|            | Pavel (1d)     | Shushan (1d)  |
|            | Aharoni (1d)   | Turjeman (1d) |
|            | Rosen (1d)     | Pinhas (1d)   |
|            | Elior (1d)     | Oz (1d)       |
|            | Aghion (1d)    |               |
+------------+----------------+---------------+
| 27/12/2024 | *Madmoni (2d)  | Rahamim (2d)  |
|            | *Maslow (2d)   | Tobiana (2d)  |
|            | Ron (2d)       | Sivan (2d)    |
|            | Pavel (2d)     | Shushan (2d)  |
|            | Aharoni (2d)   | Pinhas (2d)   |
|            | Rosen (2d)     | Oz (2d)       |
|            | Elior (2d)     | Aghion (1d)   |
|            | Turjeman (1d)  |               |
+------------+----------------+---------------+
| 28/12/2024 | *Madmoni (3d)  | Rahamim (3d)  |
|            | *Maslow (3d)   | Tobiana (3d)  |
|            | Ron (3d)       | Sivan (3d)    |
|            | Pavel (3d)     | Shushan (3d)  |
|            | Aharoni (3d)   | Pinhas (3d)   |
|            | Rosen (3d)     | Oz (3d)       |
|            | Elior (3d)     | Aghion (2d)   |
|            | Turjeman (2d)  |               |
+------------+----------------+---------------+
| 29/12/2024 | *Maslow (4d)   | *Madmoni (1d) |
|            | Elior (4d)     | Oz (4d)       |
|            | Aharoni (4d)   | Rahamim (4d)  |
|            | Rosen (4d)     | Ron (1d)      |
|            | Aghion (1d)    | Pavel (1d)    |
|            | Sivan (1d)     | Turjeman (1d) |
|            | Pinhas (1d)    |               |
|            | Tobiana (1d)   |               |
+------------+----------------+---------------+
| 30/12/2024 | *Maslow (5d)   | *Madmoni (2d) |
|            | Elior (5d)     | Oz (5d)       |
|            | Aharoni (5d)   | Rahamim (5d)  |
|            | Rosen (5d)     | Ron (2d)      |
|            | Aghion (2d)    | Pavel (2d)    |
|            | Sivan (2d)     | Turjeman (2d) |
|            | Pinhas (2d)    |               |
|            | Tobiana (2d)   |               |
+------------+----------------+---------------+
| 31/12/2024 | *Maslow (6d)   | *Madmoni (3d) |
|            | Elior (6d)     | Rahamim (6d)  |
|            | Aharoni (6d)   | Ron (3d)      |
|            | Aghion (3d)    | Pavel (3d)    |
|            | Sivan (3d)     | Turjeman (3d) |
|            | Pinhas (3d)    | Rosen (1d)    |
|            | Tobiana (3d)   |               |
|            | Oz (1d)        |               |
+------------+----------------+---------------+
| 01/01/2025 | *Maslow (7d)   | *Madmoni (4d) |
|            | Elior (7d)     | Rahamim (7d)  |
|            | Aharoni (7d)   | Ron (4d)      |
|            | Aghion (4d)    | Pavel (4d)    |
|            | Sivan (4d)     | Turjeman (4d) |
|            | Pinhas (4d)    | Rosen (2d)    |
|            | Tobiana (4d)   |               |
|            | Oz (2d)        |               |
+------------+----------------+---------------+
| 02/01/2025 | *Maslow (8d)   | *Madmoni (5d) |
|            | Aharoni (8d)   | Rahamim (8d)  |
|            | Aghion (5d)    | Pavel (5d)    |
|            | Sivan (5d)     | Turjeman (5d) |
|            | Pinhas (5d)    | Rosen (3d)    |
|            | Tobiana (5d)   | Elior (1d)    |
|            | Oz (3d)        | Shushan (1d)  |
|            | Ron (1d)       |               |
+------------+----------------+---------------+
| 03/01/2025 | *Madmoni (1d)  | *Maslow (1d)  |
|            | Aghion (6d)    | Rahamim (9d)  |
|            | Pinhas (6d)    | Turjeman (6d) |
|            | Tobiana (6d)   | Rosen (4d)    |
|            | Sivan (6d)     | Shushan (2d)  |
|            | Oz (4d)        | Elior (2d)    |
|            | Ron (2d)       | Aharoni (1d)  |
|            | Pavel (1d)     |               |
+------------+----------------+---------------+
| 04/01/2025 | *Madmoni (2d)  | *Maslow (2d)  |
|            | Aghion (7d)    | Rahamim (10d) |
|            | Pinhas (7d)    | Turjeman (7d) |
|            | Tobiana (7d)   | Rosen (5d)    |
|            | Sivan (7d)     | Shushan (3d)  |
|            | Oz (5d)        | Elior (3d)    |
|            | Ron (3d)       | Aharoni (2d)  |
|            | Pavel (2d)     |               |
+------------+----------------+---------------+
| 05/01/2025 | *Madmoni (3d)  | *Maslow (3d)  |
|            | Sivan (8d)     | Rahamim (11d) |
|            | Oz (6d)        | Elior (4d)    |
|            | Ron (4d)       | Aharoni (3d)  |
|            | Pavel (3d)     | Aghion (1d)   |
|            | Turjeman (1d)  | Tobiana (1d)  |
|            | Shushan (1d)   | Pinhas (1d)   |
|            | Rosen (1d)     |               |
+------------+----------------+---------------+
| 06/01/2025 | *Madmoni (4d)  | *Maslow (4d)  |
|            | Sivan (9d)     | Rahamim (12d) |
|            | Oz (7d)        | Elior (5d)    |
|            | Ron (5d)       | Aharoni (4d)  |
|            | Pavel (4d)     | Aghion (2d)   |
|            | Turjeman (2d)  | Tobiana (2d)  |
|            | Shushan (2d)   | Pinhas (2d)   |
|            | Rosen (2d)     |               |
+------------+----------------+---------------+
| 07/01/2025 | *Madmoni (5d)  | *Maslow (5d)  |
|            | Sivan (10d)    | Rahamim (13d) |
|            | Oz (8d)        | Elior (6d)    |
|            | Ron (6d)       | Aharoni (5d)  |
|            | Pavel (5d)     | Aghion (3d)   |
|            | Shushan (3d)   | Pinhas (3d)   |
|            | Rosen (3d)     | Tobiana (3d)  |
|            | Turjeman (3d)  |               |
+------------+----------------+---------------+
| 08/01/2025 | *Madmoni (6d)  | *Maslow (6d)  |
|            | Oz (9d)        | Rahamim (14d) |
|            | Ron (7d)       | Elior (7d)    |
|            | Pavel (6d)     | Tobiana (4d)  |
|            | Shushan (4d)   | Pinhas (4d)   |
|            | Rosen (4d)     | Aghion (4d)   |
|            | Turjeman (4d)  | Sivan (1d)    |
|            | Aharoni (1d)   |               |
+------------+----------------+---------------+
| 09/01/2025 | *Madmoni (7d)  | Rahamim (15d) |
|            | *Maslow (1d)   | Elior (8d)    |
|            | Oz (10d)       | Pinhas (5d)   |
|            | Pavel (7d)     | Aghion (5d)   |
|            | Shushan (5d)   | Sivan (2d)    |
|            | Turjeman (5d)  | Ron (1d)      |
|            | Rosen (5d)     | Aharoni (1d)  |
|            | Tobiana (1d)   |               |
+------------+----------------+---------------+
| 10/01/2025 | *Madmoni (8d)  | Rahamim (16d) |
|            | *Maslow (2d)   | Elior (9d)    |
|            | Pavel (8d)     | Pinhas (6d)   |
|            | Turjeman (6d)  | Aghion (6d)   |
|            | Shushan (6d)   | Sivan (3d)    |
|            | Rosen (6d)     | Ron (2d)      |
|            | Tobiana (2d)   | Oz (1d)       |
|            | Aharoni (1d)   |               |
+------------+----------------+---------------+
| 11/01/2025 | *Madmoni (9d)  | Rahamim (17d) |
|            | *Maslow (3d)   | Elior (10d)   |
|            | Turjeman (7d)  | Sivan (4d)    |
|            | Rosen (7d)     | Ron (3d)      |
|            | Tobiana (3d)   | Oz (2d)       |
|            | Aharoni (2d)   | Shushan (1d)  |
|            | Aghion (1d)    | Pavel (1d)    |
|            | Pinhas (1d)    |               |
+------------+----------------+---------------+
| 12/01/2025 | *Madmoni (10d) | Rahamim (18d) |
|            | *Maslow (4d)   | Elior (11d)   |
|            | Rosen (8d)     | Sivan (5d)    |
|            | Turjeman (8d)  | Ron (4d)      |
|            | Tobiana (4d)   | Oz (3d)       |
|            | Aharoni (3d)   | Shushan (2d)  |
|            | Aghion (2d)    | Pavel (2d)    |
|            | Pinhas (2d)    |               |
+------------+----------------+---------------+
| 13/01/2025 | *Madmoni (11d) | Rahamim (19d) |
|            | *Maslow (5d)   | Elior (12d)   |
|            | Turjeman (9d)  | Ron (5d)      |
|            | Tobiana (5d)   | Oz (4d)       |
|            | Aharoni (4d)   | Pavel (3d)    |
|            | Aghion (3d)    | Shushan (3d)  |
|            | Pinhas (3d)    | Rosen (1d)    |
|            | Sivan (1d)     |               |
+------------+----------------+---------------+
2024-12-29 17:46:34,212 - INFO - 

