2024-12-29 18:25:01,227 - INFO - ShiftScheduler initialized
2024-12-29 18:25:01,665 - INFO - 
Daily Schedule for 2024-12-26 -> 2025-01-13:
2024-12-29 18:25:01,673 - INFO - +------------+--------------------+-------------------+
| Date       | On Shift           | At Home           |
+============+====================+===================+
| 26/12/2024 | *Madmoni 1d (1d)   | Rahamim 1d (1d)   |
|            | *Maslow 1d (1d)    | Tobiana 1d (1d)   |
|            | Ron 1d (1d)        | Sivan 1d (1d)     |
|            | Pavel 1d (1d)      | Shushan 1d (1d)   |
|            | Aharoni 1d (1d)    | Turjeman 1d (1d)  |
|            | Rosen 1d (1d)      | Pinhas 1d (1d)    |
|            | Elior 1d (1d)      | Oz 1d (1d)        |
|            | Aghion 1d (1d)     |                   |
+------------+--------------------+-------------------+
| 27/12/2024 | *Madmoni 2d (2d)   | Rahamim 2d (2d)   |
|            | *Maslow 2d (2d)    | Tobiana 2d (2d)   |
|            | Ron 2d (2d)        | Sivan 2d (2d)     |
|            | Pavel 2d (2d)      | Shushan 2d (2d)   |
|            | Aharoni 2d (2d)    | Pinhas 2d (2d)    |
|            | Rosen 2d (2d)      | Oz 2d (2d)        |
|            | Elior 2d (2d)      | Aghion 1d (1d)    |
|            | Turjeman 1d (1d)   |                   |
+------------+--------------------+-------------------+
| 28/12/2024 | *Madmoni 3d (3d)   | Rahamim 3d (3d)   |
|            | *Maslow 3d (3d)    | Tobiana 3d (3d)   |
|            | Ron 3d (3d)        | Sivan 3d (3d)     |
|            | Pavel 3d (3d)      | Shushan 3d (3d)   |
|            | Aharoni 3d (3d)    | Pinhas 3d (3d)    |
|            | Rosen 3d (3d)      | Oz 3d (3d)        |
|            | Elior 3d (3d)      | Aghion 2d (2d)    |
|            | Turjeman 2d (2d)   |                   |
+------------+--------------------+-------------------+
| 29/12/2024 | *Maslow 4d (4d)    | *Madmoni 1d (1d)  |
|            | Elior 4d (4d)      | Oz 4d (4d)        |
|            | Aharoni 4d (4d)    | Rahamim 4d (4d)   |
|            | Rosen 4d (4d)      | Ron 1d (1d)       |
|            | Aghion 1d (2d)     | Pavel 1d (1d)     |
|            | Sivan 1d (1d)      | Turjeman 1d (2d)  |
|            | Pinhas 1d (1d)     |                   |
|            | Tobiana 1d (1d)    |                   |
+------------+--------------------+-------------------+
| 30/12/2024 | *Maslow 5d (5d)    | *Madmoni 2d (2d)  |
|            | Elior 5d (5d)      | Oz 5d (5d)        |
|            | Aharoni 5d (5d)    | Rahamim 5d (5d)   |
|            | Rosen 5d (5d)      | Ron 2d (2d)       |
|            | Aghion 2d (3d)     | Pavel 2d (2d)     |
|            | Sivan 2d (2d)      | Turjeman 2d (3d)  |
|            | Pinhas 2d (2d)     |                   |
|            | Tobiana 2d (2d)    |                   |
+------------+--------------------+-------------------+
| 31/12/2024 | *Maslow 6d (6d)    | *Madmoni 3d (3d)  |
|            | Elior 6d (6d)      | Rahamim 6d (6d)   |
|            | Aharoni 6d (6d)    | Ron 3d (3d)       |
|            | Aghion 3d (4d)     | Pavel 3d (3d)     |
|            | Sivan 3d (3d)      | Turjeman 3d (4d)  |
|            | Pinhas 3d (3d)     | Rosen 1d (1d)     |
|            | Tobiana 3d (3d)    |                   |
|            | Oz 1d (1d)         |                   |
+------------+--------------------+-------------------+
| 01/01/2025 | *Maslow 7d (7d)    | *Madmoni 4d (4d)  |
|            | Elior 7d (7d)      | Rahamim 7d (7d)   |
|            | Aharoni 7d (7d)    | Ron 4d (4d)       |
|            | Aghion 4d (5d)     | Pavel 4d (4d)     |
|            | Sivan 4d (4d)      | Turjeman 4d (5d)  |
|            | Pinhas 4d (4d)     | Rosen 2d (2d)     |
|            | Tobiana 4d (4d)    |                   |
|            | Oz 2d (2d)         |                   |
+------------+--------------------+-------------------+
| 02/01/2025 | *Maslow 8d (8d)    | *Madmoni 5d (5d)  |
|            | Aharoni 8d (8d)    | Rahamim 8d (8d)   |
|            | Aghion 5d (6d)     | Pavel 5d (5d)     |
|            | Sivan 5d (5d)      | Turjeman 5d (6d)  |
|            | Pinhas 5d (5d)     | Rosen 3d (3d)     |
|            | Tobiana 5d (5d)    | Elior 1d (1d)     |
|            | Oz 3d (3d)         | Shushan 1d (4d)   |
|            | Ron 1d (4d)        |                   |
+------------+--------------------+-------------------+
| 03/01/2025 | *Madmoni 1d (4d)   | *Maslow 1d (1d)   |
|            | Aghion 6d (7d)     | Rahamim 9d (9d)   |
|            | Pinhas 6d (6d)     | Turjeman 6d (7d)  |
|            | Tobiana 6d (6d)    | Rosen 4d (4d)     |
|            | Sivan 6d (6d)      | Shushan 2d (5d)   |
|            | Oz 4d (4d)         | Elior 2d (2d)     |
|            | Ron 2d (5d)        | Aharoni 1d (1d)   |
|            | Pavel 1d (4d)      |                   |
+------------+--------------------+-------------------+
| 04/01/2025 | *Madmoni 2d (5d)   | *Maslow 2d (2d)   |
|            | Aghion 7d (8d)     | Rahamim 10d (10d) |
|            | Pinhas 7d (7d)     | Turjeman 7d (8d)  |
|            | Tobiana 7d (7d)    | Rosen 5d (5d)     |
|            | Sivan 7d (7d)      | Shushan 3d (6d)   |
|            | Oz 5d (5d)         | Elior 3d (3d)     |
|            | Ron 3d (6d)        | Aharoni 2d (2d)   |
|            | Pavel 2d (5d)      |                   |
+------------+--------------------+-------------------+
| 05/01/2025 | *Madmoni 3d (6d)   | *Maslow 3d (3d)   |
|            | Sivan 8d (8d)      | Rahamim 11d (11d) |
|            | Oz 6d (6d)         | Elior 4d (4d)     |
|            | Ron 4d (7d)        | Aharoni 3d (3d)   |
|            | Pavel 3d (6d)      | Aghion 1d (3d)    |
|            | Turjeman 1d (3d)   | Tobiana 1d (4d)   |
|            | Shushan 1d (1d)    | Pinhas 1d (4d)    |
|            | Rosen 1d (6d)      |                   |
+------------+--------------------+-------------------+
| 06/01/2025 | *Madmoni 4d (7d)   | *Maslow 4d (4d)   |
|            | Sivan 9d (9d)      | Rahamim 12d (12d) |
|            | Oz 7d (7d)         | Elior 5d (5d)     |
|            | Ron 5d (8d)        | Aharoni 4d (4d)   |
|            | Pavel 4d (7d)      | Aghion 2d (4d)    |
|            | Turjeman 2d (4d)   | Tobiana 2d (5d)   |
|            | Shushan 2d (2d)    | Pinhas 2d (5d)    |
|            | Rosen 2d (7d)      |                   |
+------------+--------------------+-------------------+
| 07/01/2025 | *Madmoni 5d (8d)   | *Maslow 5d (5d)   |
|            | Sivan 10d (10d)    | Rahamim 13d (13d) |
|            | Oz 8d (8d)         | Elior 6d (6d)     |
|            | Ron 6d (9d)        | Aharoni 5d (5d)   |
|            | Pavel 5d (8d)      | Aghion 3d (5d)    |
|            | Shushan 3d (3d)    | Pinhas 3d (6d)    |
|            | Rosen 3d (8d)      | Tobiana 3d (6d)   |
|            | Turjeman 3d (5d)   |                   |
+------------+--------------------+-------------------+
| 08/01/2025 | *Madmoni 6d (9d)   | *Maslow 6d (6d)   |
|            | Oz 9d (9d)         | Rahamim 14d (14d) |
|            | Ron 7d (10d)       | Elior 7d (7d)     |
|            | Pavel 6d (9d)      | Tobiana 4d (7d)   |
|            | Shushan 4d (4d)    | Pinhas 4d (7d)    |
|            | Rosen 4d (9d)      | Aghion 4d (6d)    |
|            | Turjeman 4d (6d)   | Sivan 1d (4d)     |
|            | Aharoni 1d (9d)    |                   |
+------------+--------------------+-------------------+
| 09/01/2025 | *Madmoni 7d (10d)  | Rahamim 15d (15d) |
|            | *Maslow 1d (9d)    | Elior 8d (8d)     |
|            | Oz 10d (10d)       | Pinhas 5d (8d)    |
|            | Pavel 7d (10d)     | Aghion 5d (7d)    |
|            | Shushan 5d (5d)    | Sivan 2d (5d)     |
|            | Turjeman 5d (7d)   | Ron 1d (5d)       |
|            | Rosen 5d (10d)     | Aharoni 1d (6d)   |
|            | Tobiana 1d (8d)    |                   |
+------------+--------------------+-------------------+
| 10/01/2025 | *Madmoni 8d (11d)  | Rahamim 16d (16d) |
|            | *Maslow 2d (10d)   | Elior 9d (9d)     |
|            | Pavel 8d (11d)     | Pinhas 6d (9d)    |
|            | Turjeman 6d (8d)   | Aghion 6d (8d)    |
|            | Shushan 6d (6d)    | Sivan 3d (6d)     |
|            | Rosen 6d (11d)     | Ron 2d (6d)       |
|            | Tobiana 2d (9d)    | Oz 1d (6d)        |
|            | Aharoni 1d (10d)   |                   |
+------------+--------------------+-------------------+
| 11/01/2025 | *Madmoni 9d (12d)  | Rahamim 17d (17d) |
|            | *Maslow 3d (11d)   | Elior 10d (10d)   |
|            | Turjeman 7d (9d)   | Sivan 4d (7d)     |
|            | Rosen 7d (12d)     | Ron 3d (7d)       |
|            | Tobiana 3d (10d)   | Oz 2d (7d)        |
|            | Aharoni 2d (11d)   | Shushan 1d (7d)   |
|            | Aghion 1d (9d)     | Pavel 1d (6d)     |
|            | Pinhas 1d (8d)     |                   |
+------------+--------------------+-------------------+
| 12/01/2025 | *Madmoni 10d (13d) | Rahamim 18d (18d) |
|            | *Maslow 4d (12d)   | Elior 11d (11d)   |
|            | Rosen 8d (13d)     | Sivan 5d (8d)     |
|            | Turjeman 8d (10d)  | Ron 4d (8d)       |
|            | Tobiana 4d (11d)   | Oz 3d (8d)        |
|            | Aharoni 3d (12d)   | Shushan 2d (8d)   |
|            | Aghion 2d (10d)    | Pavel 2d (7d)     |
|            | Pinhas 2d (9d)     |                   |
+------------+--------------------+-------------------+
| 13/01/2025 | *Madmoni 11d (14d) | Rahamim 19d (19d) |
|            | *Maslow 5d (13d)   | Elior 12d (12d)   |
|            | Turjeman 9d (11d)  | Ron 5d (9d)       |
|            | Tobiana 5d (12d)   | Oz 4d (9d)        |
|            | Aharoni 4d (13d)   | Pavel 3d (8d)     |
|            | Aghion 3d (11d)    | Shushan 3d (9d)   |
|            | Pinhas 3d (10d)    | Rosen 1d (6d)     |
|            | Sivan 1d (11d)     |                   |
+------------+--------------------+-------------------+
2024-12-29 18:25:01,673 - INFO - 

