2024-12-29 18:22:36,895 - INFO - ShiftScheduler initialized
2024-12-29 18:22:37,298 - INFO - 
Daily Schedule for 2024-12-26 -> 2025-01-13:
2024-12-29 18:22:37,306 - INFO - +------------+----------------------------+---------------------------+
| Date       | On Shift                   | At Home                   |
+============+============================+===========================+
| 26/12/2024 | *Madmoni (1d / total 1d)   | Rahamim (1d / total 1d)   |
|            | *Maslow (1d / total 1d)    | Tobiana (1d / total 1d)   |
|            | Ron (1d / total 1d)        | Sivan (1d / total 1d)     |
|            | Pavel (1d / total 1d)      | Shushan (1d / total 1d)   |
|            | Aharoni (1d / total 1d)    | Turjeman (1d / total 1d)  |
|            | Rosen (1d / total 1d)      | Pinhas (1d / total 1d)    |
|            | Elior (1d / total 1d)      | Oz (1d / total 1d)        |
|            | Aghion (1d / total 1d)     |                           |
+------------+----------------------------+---------------------------+
| 27/12/2024 | *Madmoni (2d / total 2d)   | Rahamim (2d / total 2d)   |
|            | *Maslow (2d / total 2d)    | Tobiana (2d / total 2d)   |
|            | Ron (2d / total 2d)        | Sivan (2d / total 2d)     |
|            | Pavel (2d / total 2d)      | Shushan (2d / total 2d)   |
|            | Aharoni (2d / total 2d)    | Pinhas (2d / total 2d)    |
|            | Rosen (2d / total 2d)      | Oz (2d / total 2d)        |
|            | Elior (2d / total 2d)      | Aghion (1d / total 1d)    |
|            | Turjeman (1d / total 1d)   |                           |
+------------+----------------------------+---------------------------+
| 28/12/2024 | *Madmoni (3d / total 3d)   | Rahamim (3d / total 3d)   |
|            | *Maslow (3d / total 3d)    | Tobiana (3d / total 3d)   |
|            | Ron (3d / total 3d)        | Sivan (3d / total 3d)     |
|            | Pavel (3d / total 3d)      | Shushan (3d / total 3d)   |
|            | Aharoni (3d / total 3d)    | Pinhas (3d / total 3d)    |
|            | Rosen (3d / total 3d)      | Oz (3d / total 3d)        |
|            | Elior (3d / total 3d)      | Aghion (2d / total 2d)    |
|            | Turjeman (2d / total 2d)   |                           |
+------------+----------------------------+---------------------------+
| 29/12/2024 | *Maslow (4d / total 4d)    | *Madmoni (1d / total 1d)  |
|            | Elior (4d / total 4d)      | Oz (4d / total 4d)        |
|            | Aharoni (4d / total 4d)    | Rahamim (4d / total 4d)   |
|            | Rosen (4d / total 4d)      | Ron (1d / total 1d)       |
|            | Aghion (1d / total 2d)     | Pavel (1d / total 1d)     |
|            | Sivan (1d / total 1d)      | Turjeman (1d / total 2d)  |
|            | Pinhas (1d / total 1d)     |                           |
|            | Tobiana (1d / total 1d)    |                           |
+------------+----------------------------+---------------------------+
| 30/12/2024 | *Maslow (5d / total 5d)    | *Madmoni (2d / total 2d)  |
|            | Elior (5d / total 5d)      | Oz (5d / total 5d)        |
|            | Aharoni (5d / total 5d)    | Rahamim (5d / total 5d)   |
|            | Rosen (5d / total 5d)      | Ron (2d / total 2d)       |
|            | Aghion (2d / total 3d)     | Pavel (2d / total 2d)     |
|            | Sivan (2d / total 2d)      | Turjeman (2d / total 3d)  |
|            | Pinhas (2d / total 2d)     |                           |
|            | Tobiana (2d / total 2d)    |                           |
+------------+----------------------------+---------------------------+
| 31/12/2024 | *Maslow (6d / total 6d)    | *Madmoni (3d / total 3d)  |
|            | Elior (6d / total 6d)      | Rahamim (6d / total 6d)   |
|            | Aharoni (6d / total 6d)    | Ron (3d / total 3d)       |
|            | Aghion (3d / total 4d)     | Pavel (3d / total 3d)     |
|            | Sivan (3d / total 3d)      | Turjeman (3d / total 4d)  |
|            | Pinhas (3d / total 3d)     | Rosen (1d / total 1d)     |
|            | Tobiana (3d / total 3d)    |                           |
|            | Oz (1d / total 1d)         |                           |
+------------+----------------------------+---------------------------+
| 01/01/2025 | *Maslow (7d / total 7d)    | *Madmoni (4d / total 4d)  |
|            | Elior (7d / total 7d)      | Rahamim (7d / total 7d)   |
|            | Aharoni (7d / total 7d)    | Ron (4d / total 4d)       |
|            | Aghion (4d / total 5d)     | Pavel (4d / total 4d)     |
|            | Sivan (4d / total 4d)      | Turjeman (4d / total 5d)  |
|            | Pinhas (4d / total 4d)     | Rosen (2d / total 2d)     |
|            | Tobiana (4d / total 4d)    |                           |
|            | Oz (2d / total 2d)         |                           |
+------------+----------------------------+---------------------------+
| 02/01/2025 | *Maslow (8d / total 8d)    | *Madmoni (5d / total 5d)  |
|            | Aharoni (8d / total 8d)    | Rahamim (8d / total 8d)   |
|            | Aghion (5d / total 6d)     | Pavel (5d / total 5d)     |
|            | Sivan (5d / total 5d)      | Turjeman (5d / total 6d)  |
|            | Pinhas (5d / total 5d)     | Rosen (3d / total 3d)     |
|            | Tobiana (5d / total 5d)    | Elior (1d / total 1d)     |
|            | Oz (3d / total 3d)         | Shushan (1d / total 4d)   |
|            | Ron (1d / total 4d)        |                           |
+------------+----------------------------+---------------------------+
| 03/01/2025 | *Madmoni (1d / total 4d)   | *Maslow (1d / total 1d)   |
|            | Aghion (6d / total 7d)     | Rahamim (9d / total 9d)   |
|            | Pinhas (6d / total 6d)     | Turjeman (6d / total 7d)  |
|            | Tobiana (6d / total 6d)    | Rosen (4d / total 4d)     |
|            | Sivan (6d / total 6d)      | Shushan (2d / total 5d)   |
|            | Oz (4d / total 4d)         | Elior (2d / total 2d)     |
|            | Ron (2d / total 5d)        | Aharoni (1d / total 1d)   |
|            | Pavel (1d / total 4d)      |                           |
+------------+----------------------------+---------------------------+
| 04/01/2025 | *Madmoni (2d / total 5d)   | *Maslow (2d / total 2d)   |
|            | Aghion (7d / total 8d)     | Rahamim (10d / total 10d) |
|            | Pinhas (7d / total 7d)     | Turjeman (7d / total 8d)  |
|            | Tobiana (7d / total 7d)    | Rosen (5d / total 5d)     |
|            | Sivan (7d / total 7d)      | Shushan (3d / total 6d)   |
|            | Oz (5d / total 5d)         | Elior (3d / total 3d)     |
|            | Ron (3d / total 6d)        | Aharoni (2d / total 2d)   |
|            | Pavel (2d / total 5d)      |                           |
+------------+----------------------------+---------------------------+
| 05/01/2025 | *Madmoni (3d / total 6d)   | *Maslow (3d / total 3d)   |
|            | Sivan (8d / total 8d)      | Rahamim (11d / total 11d) |
|            | Oz (6d / total 6d)         | Elior (4d / total 4d)     |
|            | Ron (4d / total 7d)        | Aharoni (3d / total 3d)   |
|            | Pavel (3d / total 6d)      | Aghion (1d / total 3d)    |
|            | Turjeman (1d / total 3d)   | Tobiana (1d / total 4d)   |
|            | Shushan (1d / total 1d)    | Pinhas (1d / total 4d)    |
|            | Rosen (1d / total 6d)      |                           |
+------------+----------------------------+---------------------------+
| 06/01/2025 | *Madmoni (4d / total 7d)   | *Maslow (4d / total 4d)   |
|            | Sivan (9d / total 9d)      | Rahamim (12d / total 12d) |
|            | Oz (7d / total 7d)         | Elior (5d / total 5d)     |
|            | Ron (5d / total 8d)        | Aharoni (4d / total 4d)   |
|            | Pavel (4d / total 7d)      | Aghion (2d / total 4d)    |
|            | Turjeman (2d / total 4d)   | Tobiana (2d / total 5d)   |
|            | Shushan (2d / total 2d)    | Pinhas (2d / total 5d)    |
|            | Rosen (2d / total 7d)      |                           |
+------------+----------------------------+---------------------------+
| 07/01/2025 | *Madmoni (5d / total 8d)   | *Maslow (5d / total 5d)   |
|            | Sivan (10d / total 10d)    | Rahamim (13d / total 13d) |
|            | Oz (8d / total 8d)         | Elior (6d / total 6d)     |
|            | Ron (6d / total 9d)        | Aharoni (5d / total 5d)   |
|            | Pavel (5d / total 8d)      | Aghion (3d / total 5d)    |
|            | Shushan (3d / total 3d)    | Pinhas (3d / total 6d)    |
|            | Rosen (3d / total 8d)      | Tobiana (3d / total 6d)   |
|            | Turjeman (3d / total 5d)   |                           |
+------------+----------------------------+---------------------------+
| 08/01/2025 | *Madmoni (6d / total 9d)   | *Maslow (6d / total 6d)   |
|            | Oz (9d / total 9d)         | Rahamim (14d / total 14d) |
|            | Ron (7d / total 10d)       | Elior (7d / total 7d)     |
|            | Pavel (6d / total 9d)      | Tobiana (4d / total 7d)   |
|            | Shushan (4d / total 4d)    | Pinhas (4d / total 7d)    |
|            | Rosen (4d / total 9d)      | Aghion (4d / total 6d)    |
|            | Turjeman (4d / total 6d)   | Sivan (1d / total 4d)     |
|            | Aharoni (1d / total 9d)    |                           |
+------------+----------------------------+---------------------------+
| 09/01/2025 | *Madmoni (7d / total 10d)  | Rahamim (15d / total 15d) |
|            | *Maslow (1d / total 9d)    | Elior (8d / total 8d)     |
|            | Oz (10d / total 10d)       | Pinhas (5d / total 8d)    |
|            | Pavel (7d / total 10d)     | Aghion (5d / total 7d)    |
|            | Shushan (5d / total 5d)    | Sivan (2d / total 5d)     |
|            | Turjeman (5d / total 7d)   | Ron (1d / total 5d)       |
|            | Rosen (5d / total 10d)     | Aharoni (1d / total 6d)   |
|            | Tobiana (1d / total 8d)    |                           |
+------------+----------------------------+---------------------------+
| 10/01/2025 | *Madmoni (8d / total 11d)  | Rahamim (16d / total 16d) |
|            | *Maslow (2d / total 10d)   | Elior (9d / total 9d)     |
|            | Pavel (8d / total 11d)     | Pinhas (6d / total 9d)    |
|            | Turjeman (6d / total 8d)   | Aghion (6d / total 8d)    |
|            | Shushan (6d / total 6d)    | Sivan (3d / total 6d)     |
|            | Rosen (6d / total 11d)     | Ron (2d / total 6d)       |
|            | Tobiana (2d / total 9d)    | Oz (1d / total 6d)        |
|            | Aharoni (1d / total 10d)   |                           |
+------------+----------------------------+---------------------------+
| 11/01/2025 | *Madmoni (9d / total 12d)  | Rahamim (17d / total 17d) |
|            | *Maslow (3d / total 11d)   | Elior (10d / total 10d)   |
|            | Turjeman (7d / total 9d)   | Sivan (4d / total 7d)     |
|            | Rosen (7d / total 12d)     | Ron (3d / total 7d)       |
|            | Tobiana (3d / total 10d)   | Oz (2d / total 7d)        |
|            | Aharoni (2d / total 11d)   | Shushan (1d / total 7d)   |
|            | Aghion (1d / total 9d)     | Pavel (1d / total 6d)     |
|            | Pinhas (1d / total 8d)     |                           |
+------------+----------------------------+---------------------------+
| 12/01/2025 | *Madmoni (10d / total 13d) | Rahamim (18d / total 18d) |
|            | *Maslow (4d / total 12d)   | Elior (11d / total 11d)   |
|            | Rosen (8d / total 13d)     | Sivan (5d / total 8d)     |
|            | Turjeman (8d / total 10d)  | Ron (4d / total 8d)       |
|            | Tobiana (4d / total 11d)   | Oz (3d / total 8d)        |
|            | Aharoni (3d / total 12d)   | Shushan (2d / total 8d)   |
|            | Aghion (2d / total 10d)    | Pavel (2d / total 7d)     |
|            | Pinhas (2d / total 9d)     |                           |
+------------+----------------------------+---------------------------+
| 13/01/2025 | *Madmoni (11d / total 14d) | Rahamim (19d / total 19d) |
|            | *Maslow (5d / total 13d)   | Elior (12d / total 12d)   |
|            | Turjeman (9d / total 11d)  | Ron (5d / total 9d)       |
|            | Tobiana (5d / total 12d)   | Oz (4d / total 9d)        |
|            | Aharoni (4d / total 13d)   | Pavel (3d / total 8d)     |
|            | Aghion (3d / total 11d)    | Shushan (3d / total 9d)   |
|            | Pinhas (3d / total 10d)    | Rosen (1d / total 6d)     |
|            | Sivan (1d / total 11d)     |                           |
+------------+----------------------------+---------------------------+
2024-12-29 18:22:37,307 - INFO - 

